 INFO [01:03:54,049] (Program:26) - Application started successfully
 INFO [01:03:56,384] (ApiRequestProcessor:54) - API Response for A22 is StatusCode: 404, ReasonPhrase: 'Not Found', Version: 1.1, Content: System.Net.Http.StreamContent, Headers:
{
  Transfer-Encoding: chunked
  Connection: keep-alive
  Access-Control-Allow-Headers: Content-Type
  Access-Control-Allow-Methods: GET,POST,PUT,DELETE,OPTIONS
  Access-Control-Allow-Origin: *
  Age: 0
  Pragma: no-cache
  x-backend: api
  X-Banning: 
  X-Cache: MISS
  x-host: api.tfl.gov.uk
  X-No-Smaxage: true
  X-Proxy-Connection: unset
  X-Request-404: true
  X-TTL-RULE: 1
  x-use-prev-req: 
  X-Varnish: 482641740
  Expect-CT: max-age=604800, report-uri="https://report-uri.cloudflare.com/cdn-cgi/beacon/expect-ct"
  CF-RAY: 4601785f59dc6b91-LHR
  Cache-Control: must-revalidate, max-age=60, s-maxage=60
  Date: Wed, 26 Sep 2018 00:03:56 GMT
  Set-Cookie: __cfduid=d5cbf8e74d97417afd02cae7fbca092c31537920235; expires=Thu, 26-Sep-19 00:03:55 GMT; path=/; domain=.tfl.gov.uk; HttpOnly
  Server: cloudflare
  Via: 1.1 varnish
  X-AspNet-Version: 4.0.30319
  Content-Type: application/json; charset=utf-8
  Expires: -1
}
 INFO [01:03:56,390] (ApiRequestProcessor:79) - API Response Content: {"$type":"Tfl.Api.Presentation.Entities.ApiError, Tfl.Api.Presentation.Entities","timestampUtc":"2018-09-26T00:03:50.65968Z","exceptionType":"EntityNotFoundException","httpStatusCode":404,"httpStatus":"NotFound","relativeUri":"/Road/A22","message":"The following road id is not recognised: A22"}
 INFO [01:03:56,402] (Program:39) - Application returned code: 1
 INFO [01:04:01,674] (Program:26) - Application started successfully
 INFO [01:04:02,422] (ApiRequestProcessor:54) - API Response for A1 is StatusCode: 200, ReasonPhrase: 'OK', Version: 1.1, Content: System.Net.Http.StreamContent, Headers:
{
  Transfer-Encoding: chunked
  Connection: keep-alive
  Access-Control-Allow-Headers: Content-Type
  Access-Control-Allow-Methods: GET,POST,PUT,DELETE,OPTIONS
  Access-Control-Allow-Origin: *
  Age: 0
  Api-Entity-Payload: RoadCorridor
  X-Backend: api
  X-Banning: 
  X-Cache: MISS
  X-Cacheable: Yes. Cacheable
  X-Proxy-Connection: unset
  X-TTL: 300.000
  X-TTL-RULE: 0
  X-Varnish: 2203255009
  Expect-CT: max-age=604800, report-uri="https://report-uri.cloudflare.com/cdn-cgi/beacon/expect-ct"
  CF-RAY: 46017888a87b344c-LHR
  Cache-Control: public, must-revalidate, max-age=150, s-maxage=300
  Date: Wed, 26 Sep 2018 00:04:02 GMT
  Set-Cookie: __cfduid=d5889faedcc26e7c3224625785cd01fc31537920242; expires=Thu, 26-Sep-19 00:04:02 GMT; path=/; domain=.tfl.gov.uk; HttpOnly
  Server: cloudflare
  Via: 1.1 varnish
  X-AspNet-Version: 4.0.30319
  Content-Type: application/json; charset=utf-8
}
 INFO [01:04:02,424] (ApiRequestProcessor:62) - API Response Content: [{"$type":"Tfl.Api.Presentation.Entities.RoadCorridor, Tfl.Api.Presentation.Entities","id":"a1","displayName":"A1","statusSeverity":"Good","statusSeverityDescription":"No Exceptional Delays","bounds":"[[-0.25616,51.5319],[-0.10234,51.6562]]","envelope":"[[-0.25616,51.5319],[-0.25616,51.6562],[-0.10234,51.6562],[-0.10234,51.5319],[-0.25616,51.5319]]","url":"/Road/a1"}]
 INFO [01:04:02,784] (Program:39) - Application returned code: 0
 INFO [01:04:56,446] (Program:26) - Application started successfully
 INFO [01:04:56,795] (ApiRequestProcessor:54) - API Response for A1 is StatusCode: 200, ReasonPhrase: 'OK', Version: 1.1, Content: System.Net.Http.StreamContent, Headers:
{
  Transfer-Encoding: chunked
  Connection: keep-alive
  Access-Control-Allow-Headers: Content-Type
  Access-Control-Allow-Methods: GET,POST,PUT,DELETE,OPTIONS
  Access-Control-Allow-Origin: *
  Age: 0
  Api-Entity-Payload: RoadCorridor
  X-Backend: api
  X-Banning: 
  X-Cache: MISS
  X-Cacheable: Yes. Cacheable
  X-Proxy-Connection: unset
  X-TTL: 300.000
  X-TTL-RULE: 0
  X-Varnish: 482650841
  Expect-CT: max-age=604800, report-uri="https://report-uri.cloudflare.com/cdn-cgi/beacon/expect-ct"
  CF-RAY: 460179def88e6ba3-LHR
  Cache-Control: public, must-revalidate, max-age=150, s-maxage=300
  Date: Wed, 26 Sep 2018 00:04:56 GMT
  Set-Cookie: __cfduid=df274bb3e33ecc7615028e88f3327c12a1537920296; expires=Thu, 26-Sep-19 00:04:56 GMT; path=/; domain=.tfl.gov.uk; HttpOnly
  Server: cloudflare
  Via: 1.1 varnish
  X-AspNet-Version: 4.0.30319
  Content-Type: application/json; charset=utf-8
}
 INFO [01:04:56,797] (ApiRequestProcessor:62) - API Response Content: [{"$type":"Tfl.Api.Presentation.Entities.RoadCorridor, Tfl.Api.Presentation.Entities","id":"a1","displayName":"A1","statusSeverity":"Good","statusSeverityDescription":"No Exceptional Delays","bounds":"[[-0.25616,51.5319],[-0.10234,51.6562]]","envelope":"[[-0.25616,51.5319],[-0.25616,51.6562],[-0.10234,51.6562],[-0.10234,51.5319],[-0.25616,51.5319]]","url":"/Road/a1"}]
 INFO [01:04:57,155] (Program:39) - Application returned code: 0
 INFO [12:22:18,130] (Program:25) - Application started successfully
 INFO [12:22:18,941] (ApiRequestProcessor:55) - API Response for A1 is StatusCode: 200, ReasonPhrase: 'OK', Version: 1.1, Content: System.Net.Http.StreamContent, Headers:
{
  Transfer-Encoding: chunked
  Connection: keep-alive
  Access-Control-Allow-Headers: Content-Type
  Access-Control-Allow-Methods: GET,POST,PUT,DELETE,OPTIONS
  Access-Control-Allow-Origin: *
  Age: 0
  Api-Entity-Payload: RoadCorridor
  X-Backend: api
  X-Banning: 
  X-Cache: MISS
  X-Cacheable: Yes. Cacheable
  X-Proxy-Connection: unset
  X-TTL: 300.000
  X-TTL-RULE: 0
  X-Varnish: 2215640546
  Expect-CT: max-age=604800, report-uri="https://report-uri.cloudflare.com/cdn-cgi/beacon/expect-ct"
  CF-RAY: 46055a1d1daa3560-LHR
  Cache-Control: public, must-revalidate, max-age=150, s-maxage=300
  Date: Wed, 26 Sep 2018 11:22:19 GMT
  Set-Cookie: __cfduid=dbea0c0f98ce74e064e3bff06306013011537960939; expires=Thu, 26-Sep-19 11:22:19 GMT; path=/; domain=.tfl.gov.uk; HttpOnly
  Server: cloudflare
  Via: 1.1 varnish
  X-AspNet-Version: 4.0.30319
  Content-Type: application/json; charset=utf-8
}
 INFO [12:22:18,943] (ApiRequestProcessor:59) - API Response Content: [{"$type":"Tfl.Api.Presentation.Entities.RoadCorridor, Tfl.Api.Presentation.Entities","id":"a1","displayName":"A1","statusSeverity":"Good","statusSeverityDescription":"No Exceptional Delays","bounds":"[[-0.25616,51.5319],[-0.10234,51.6562]]","envelope":"[[-0.25616,51.5319],[-0.25616,51.6562],[-0.10234,51.6562],[-0.10234,51.5319],[-0.25616,51.5319]]","url":"/Road/a1"}]
 INFO [12:22:19,100] (Program:37) - Application returned code: 0
 INFO [12:22:23,969] (Program:25) - Application started successfully
 INFO [12:22:24,593] (ApiRequestProcessor:55) - API Response for A1456 is StatusCode: 404, ReasonPhrase: 'Not Found', Version: 1.1, Content: System.Net.Http.StreamContent, Headers:
{
  Transfer-Encoding: chunked
  Connection: keep-alive
  Access-Control-Allow-Headers: Content-Type
  Access-Control-Allow-Methods: GET,POST,PUT,DELETE,OPTIONS
  Access-Control-Allow-Origin: *
  Age: 0
  Pragma: no-cache
  x-backend: api
  X-Banning: 
  X-Cache: MISS
  x-host: api.tfl.gov.uk
  X-No-Smaxage: true
  X-Proxy-Connection: unset
  X-Request-404: true
  X-TTL-RULE: 1
  x-use-prev-req: 
  X-Varnish: 494880399
  Expect-CT: max-age=604800, report-uri="https://report-uri.cloudflare.com/cdn-cgi/beacon/expect-ct"
  CF-RAY: 46055a3fae10bc50-LHR
  Cache-Control: must-revalidate, max-age=60, s-maxage=60
  Date: Wed, 26 Sep 2018 11:22:24 GMT
  Set-Cookie: __cfduid=d676ed0456b78472615da52ef7fe9284b1537960944; expires=Thu, 26-Sep-19 11:22:24 GMT; path=/; domain=.tfl.gov.uk; HttpOnly
  Server: cloudflare
  Via: 1.1 varnish
  X-AspNet-Version: 4.0.30319
  Content-Type: application/json; charset=utf-8
  Expires: -1
}
 INFO [12:22:24,595] (ApiRequestProcessor:59) - API Response Content: {"$type":"Tfl.Api.Presentation.Entities.ApiError, Tfl.Api.Presentation.Entities","timestampUtc":"2018-09-26T11:22:19.2209846Z","exceptionType":"EntityNotFoundException","httpStatusCode":404,"httpStatus":"NotFound","relativeUri":"/Road/A1456","message":"The following road id is not recognised: A1456"}
 INFO [12:22:24,606] (Program:37) - Application returned code: 1
 INFO [12:22:27,895] (Program:25) - Application started successfully
 INFO [12:22:27,907] (Program:37) - Application returned code: 2
 INFO [12:22:31,624] (Program:25) - Application started successfully
 INFO [12:22:33,335] (ApiRequestProcessor:55) - API Response for A1 is StatusCode: 200, ReasonPhrase: 'OK', Version: 1.1, Content: System.Net.Http.StreamContent, Headers:
{
  Transfer-Encoding: chunked
  Connection: keep-alive
  Access-Control-Allow-Headers: Content-Type
  Access-Control-Allow-Methods: GET,POST,PUT,DELETE,OPTIONS
  Access-Control-Allow-Origin: *
  Age: 0
  Api-Entity-Payload: RoadCorridor
  X-Backend: api
  X-Banning: 
  X-Cache: MISS
  X-Cacheable: Yes. Cacheable
  X-Proxy-Connection: unset
  X-TTL: 300.000
  X-TTL-RULE: 0
  X-Varnish: 1982064129
  Expect-CT: max-age=604800, report-uri="https://report-uri.cloudflare.com/cdn-cgi/beacon/expect-ct"
  CF-RAY: 46055a6f3aa9bbc6-LHR
  Cache-Control: public, must-revalidate, max-age=150, s-maxage=300
  Date: Wed, 26 Sep 2018 11:22:33 GMT
  Set-Cookie: __cfduid=d16969ce8a2b1b789d12236579e7c3b741537960952; expires=Thu, 26-Sep-19 11:22:32 GMT; path=/; domain=.tfl.gov.uk; HttpOnly
  Server: cloudflare
  Via: 1.1 varnish
  X-AspNet-Version: 4.0.30319
  Content-Type: application/json; charset=utf-8
}
 INFO [12:22:33,337] (ApiRequestProcessor:59) - API Response Content: [{"$type":"Tfl.Api.Presentation.Entities.RoadCorridor, Tfl.Api.Presentation.Entities","id":"a1","displayName":"A1","statusSeverity":"Good","statusSeverityDescription":"No Exceptional Delays","bounds":"[[-0.25616,51.5319],[-0.10234,51.6562]]","envelope":"[[-0.25616,51.5319],[-0.25616,51.6562],[-0.10234,51.6562],[-0.10234,51.5319],[-0.25616,51.5319]]","url":"/Road/a1"}]
 INFO [12:22:33,469] (Program:37) - Application returned code: 0
 INFO [12:22:46,164] (Program:25) - Application started successfully
 INFO [12:22:46,465] (ApiRequestProcessor:55) - API Response for A223 is StatusCode: 404, ReasonPhrase: 'Not Found', Version: 1.1, Content: System.Net.Http.StreamContent, Headers:
{
  Transfer-Encoding: chunked
  Connection: keep-alive
  Access-Control-Allow-Headers: Content-Type
  Access-Control-Allow-Methods: GET,POST,PUT,DELETE,OPTIONS
  Access-Control-Allow-Origin: *
  Age: 0
  Pragma: no-cache
  x-backend: api
  X-Banning: 
  X-Cache: MISS
  x-host: api.tfl.gov.uk
  X-No-Smaxage: true
  X-Proxy-Connection: unset
  X-Request-404: true
  X-TTL-RULE: 1
  x-use-prev-req: 
  X-Varnish: 494888930
  Expect-CT: max-age=604800, report-uri="https://report-uri.cloudflare.com/cdn-cgi/beacon/expect-ct"
  CF-RAY: 46055aca1df1354e-LHR
  Cache-Control: must-revalidate, max-age=60, s-maxage=60
  Date: Wed, 26 Sep 2018 11:22:46 GMT
  Set-Cookie: __cfduid=d557f4ba0ce9cf8ce025174bbff08c37b1537960966; expires=Thu, 26-Sep-19 11:22:46 GMT; path=/; domain=.tfl.gov.uk; HttpOnly
  Server: cloudflare
  Via: 1.1 varnish
  X-AspNet-Version: 4.0.30319
  Content-Type: application/json; charset=utf-8
  Expires: -1
}
 INFO [12:22:46,467] (ApiRequestProcessor:59) - API Response Content: {"$type":"Tfl.Api.Presentation.Entities.ApiError, Tfl.Api.Presentation.Entities","timestampUtc":"2018-09-26T11:22:40.71264Z","exceptionType":"EntityNotFoundException","httpStatusCode":404,"httpStatus":"NotFound","relativeUri":"/Road/A223","message":"The following road id is not recognised: A223"}
 INFO [12:22:46,478] (Program:37) - Application returned code: 1
 INFO [12:22:55,192] (Program:25) - Application started successfully
 INFO [12:22:55,205] (Program:37) - Application returned code: 2
 INFO [18:42:08,280] (Program:25) - Application started successfully
 INFO [18:42:19,779] (ApiRequestProcessor:55) - API Response for A2 is StatusCode: 200, ReasonPhrase: 'OK', Version: 1.1, Content: System.Net.Http.StreamContent, Headers:
{
  Transfer-Encoding: chunked
  Connection: keep-alive
  Access-Control-Allow-Headers: Content-Type
  Access-Control-Allow-Methods: GET,POST,PUT,DELETE,OPTIONS
  Access-Control-Allow-Origin: *
  Age: 0
  Api-Entity-Payload: RoadCorridor
  X-Backend: api
  X-Banning: 
  X-Cache: MISS
  X-Cacheable: Yes. Cacheable
  X-Proxy-Connection: unset
  X-TTL: 300.000
  X-TTL-RULE: 0
  X-Varnish: 2225917214
  Expect-CT: max-age=604800, report-uri="https://report-uri.cloudflare.com/cdn-cgi/beacon/expect-ct"
  CF-RAY: 460786c81a176ba3-LHR
  Cache-Control: public, must-revalidate, max-age=150, s-maxage=300
  Date: Wed, 26 Sep 2018 17:42:20 GMT
  Set-Cookie: __cfduid=dbf868270d5ceb86fd37e2fe7d6d8bb831537983740; expires=Thu, 26-Sep-19 17:42:20 GMT; path=/; domain=.tfl.gov.uk; HttpOnly
  Server: cloudflare
  Via: 1.1 varnish
  X-AspNet-Version: 4.0.30319
  Content-Type: application/json; charset=utf-8
}
 INFO [18:42:19,781] (ApiRequestProcessor:59) - API Response Content: [{"$type":"Tfl.Api.Presentation.Entities.RoadCorridor, Tfl.Api.Presentation.Entities","id":"a2","displayName":"A2","statusSeverity":"Good","statusSeverityDescription":"No Exceptional Delays","bounds":"[[-0.0857,51.44091],[0.17118,51.49438]]","envelope":"[[-0.0857,51.44091],[-0.0857,51.49438],[0.17118,51.49438],[0.17118,51.44091],[-0.0857,51.44091]]","url":"/Road/a2"}]
 INFO [18:42:19,926] (Program:37) - Application returned code: 0
 INFO [18:42:44,233] (Program:25) - Application started successfully
 INFO [18:42:44,523] (ApiRequestProcessor:55) - API Response for A223 is StatusCode: 404, ReasonPhrase: 'Not Found', Version: 1.1, Content: System.Net.Http.StreamContent, Headers:
{
  Transfer-Encoding: chunked
  Connection: keep-alive
  Access-Control-Allow-Headers: Content-Type
  Access-Control-Allow-Methods: GET,POST,PUT,DELETE,OPTIONS
  Access-Control-Allow-Origin: *
  Age: 0
  Pragma: no-cache
  x-backend: api
  X-Banning: 
  X-Cache: MISS
  x-host: api.tfl.gov.uk
  X-No-Smaxage: true
  X-Proxy-Connection: unset
  X-Request-404: true
  X-TTL-RULE: 1
  x-use-prev-req: 
  X-Varnish: 1992350164
  Expect-CT: max-age=604800, report-uri="https://report-uri.cloudflare.com/cdn-cgi/beacon/expect-ct"
  CF-RAY: 46078762fc1cbc32-LHR
  Cache-Control: must-revalidate, max-age=60, s-maxage=60
  Date: Wed, 26 Sep 2018 17:42:44 GMT
  Set-Cookie: __cfduid=de39724ac39671a07e579d3591f63d5ec1537983764; expires=Thu, 26-Sep-19 17:42:44 GMT; path=/; domain=.tfl.gov.uk; HttpOnly
  Server: cloudflare
  Via: 1.1 varnish
  X-AspNet-Version: 4.0.30319
  Content-Type: application/json; charset=utf-8
  Expires: -1
}
 INFO [18:42:44,525] (ApiRequestProcessor:59) - API Response Content: {"$type":"Tfl.Api.Presentation.Entities.ApiError, Tfl.Api.Presentation.Entities","timestampUtc":"2018-09-26T17:42:39.1818524Z","exceptionType":"EntityNotFoundException","httpStatusCode":404,"httpStatus":"NotFound","relativeUri":"/Road/A223","message":"The following road id is not recognised: A223"}
 INFO [18:42:44,536] (Program:37) - Application returned code: 1
 INFO [18:42:49,908] (Program:25) - Application started successfully
 INFO [18:42:49,921] (Program:37) - Application returned code: 2
 INFO [19:09:13,188] (Program:25) - Application started successfully
 INFO [19:09:14,056] (ApiRequestProcessor:55) - API Response for A223 is StatusCode: 404, ReasonPhrase: 'Not Found', Version: 1.1, Content: System.Net.Http.StreamContent, Headers:
{
  Transfer-Encoding: chunked
  Connection: keep-alive
  Access-Control-Allow-Headers: Content-Type
  Access-Control-Allow-Methods: GET,POST,PUT,DELETE,OPTIONS
  Access-Control-Allow-Origin: *
  Age: 0
  Pragma: no-cache
  x-backend: api
  X-Banning: 
  X-Cache: MISS
  x-host: api.tfl.gov.uk
  X-No-Smaxage: true
  X-Proxy-Connection: unset
  X-Request-404: true
  X-TTL-RULE: 1
  x-use-prev-req: 
  X-Varnish: 505741915
  Expect-CT: max-age=604800, report-uri="https://report-uri.cloudflare.com/cdn-cgi/beacon/expect-ct"
  CF-RAY: 4607ae31fa4a3566-LHR
  Cache-Control: must-revalidate, max-age=60, s-maxage=60
  Date: Wed, 26 Sep 2018 18:09:14 GMT
  Set-Cookie: __cfduid=d30b4978c680a62150de42796e7d6e96e1537985354; expires=Thu, 26-Sep-19 18:09:14 GMT; path=/; domain=.tfl.gov.uk; HttpOnly
  Server: cloudflare
  Via: 1.1 varnish
  X-AspNet-Version: 4.0.30319
  Content-Type: application/json; charset=utf-8
  Expires: -1
}
 INFO [19:09:14,058] (ApiRequestProcessor:59) - API Response Content: {"$type":"Tfl.Api.Presentation.Entities.ApiError, Tfl.Api.Presentation.Entities","timestampUtc":"2018-09-26T18:09:08.7764916Z","exceptionType":"EntityNotFoundException","httpStatusCode":404,"httpStatus":"NotFound","relativeUri":"/Road/A223","message":"The following road id is not recognised: A223"}
 INFO [19:09:14,071] (Program:37) - Application returned code: 1
 INFO [19:09:17,546] (Program:25) - Application started successfully
 INFO [19:09:17,861] (ApiRequestProcessor:55) - API Response for A2 is StatusCode: 200, ReasonPhrase: 'OK', Version: 1.1, Content: System.Net.Http.StreamContent, Headers:
{
  Transfer-Encoding: chunked
  Connection: keep-alive
  Access-Control-Allow-Headers: Content-Type
  Access-Control-Allow-Methods: GET,POST,PUT,DELETE,OPTIONS
  Access-Control-Allow-Origin: *
  Age: 0
  Api-Entity-Payload: RoadCorridor
  X-Backend: api
  X-Banning: 
  X-Cache: MISS
  X-Cacheable: Yes. Cacheable
  X-Proxy-Connection: unset
  X-TTL: 300.000
  X-TTL-RULE: 0
  X-Varnish: 1992920844
  Expect-CT: max-age=604800, report-uri="https://report-uri.cloudflare.com/cdn-cgi/beacon/expect-ct"
  CF-RAY: 4607ae49acd3bba2-LHR
  Cache-Control: public, must-revalidate, max-age=150, s-maxage=300
  Date: Wed, 26 Sep 2018 18:09:18 GMT
  Set-Cookie: __cfduid=d5e02e9498064352abe41ef3f81c526b91537985358; expires=Thu, 26-Sep-19 18:09:18 GMT; path=/; domain=.tfl.gov.uk; HttpOnly
  Server: cloudflare
  Via: 1.1 varnish
  X-AspNet-Version: 4.0.30319
  Content-Type: application/json; charset=utf-8
}
 INFO [19:09:17,863] (ApiRequestProcessor:59) - API Response Content: [{"$type":"Tfl.Api.Presentation.Entities.RoadCorridor, Tfl.Api.Presentation.Entities","id":"a2","displayName":"A2","statusSeverity":"Good","statusSeverityDescription":"No Exceptional Delays","bounds":"[[-0.0857,51.44091],[0.17118,51.49438]]","envelope":"[[-0.0857,51.44091],[-0.0857,51.49438],[0.17118,51.49438],[0.17118,51.44091],[-0.0857,51.44091]]","url":"/Road/a2"}]
 INFO [19:09:17,996] (Program:37) - Application returned code: 0
